#
# There is insufficient memory for the Java Runtime Environment to continue.
# Native memory allocation (mmap) failed to map 15728640 bytes for Failed to commit area from 0x0000000084b00000 to 0x0000000085a00000 of length 15728640.
# Possible reasons:
#   The system is out of physical RAM or swap space
#   The process is running with CompressedOops enabled, and the Java Heap may be blocking the growth of the native heap
# Possible solutions:
#   Reduce memory load on the system
#   Increase physical memory or swap space
#   Check if swap backing store is full
#   Decrease Java heap size (-Xmx/-Xms)
#   Decrease number of Java threads
#   Decrease Java thread stack sizes (-Xss)
#   Set larger code cache with -XX:ReservedCodeCacheSize=
#   JVM is running with Unscaled Compressed Oops mode in which the Java heap is
#     placed in the first 4GB address space. The Java Heap base address is the
#     maximum limit for the native heap growth. Please use -XX:HeapBaseMinAddress
#     to set the Java Heap base and to place the Java Heap above 4GB virtual address.
# This output file may be truncated or incomplete.
#
#  Out of Memory Error (./src/hotspot/os/windows/os_windows.cpp:3301), pid=10624, tid=3284
#
# JRE version: OpenJDK Runtime Environment (11.0.10) (build 11.0.10+0-b96-7249189)
# Java VM: OpenJDK 64-Bit Server VM (11.0.10+0-b96-7249189, mixed mode, tiered, compressed oops, g1 gc, windows-amd64)
# No core dump will be written. Minidumps are not enabled by default on client versions of Windows
#

---------------  S U M M A R Y ------------

Command Line: --add-opens=java.base/java.util=ALL-UNNAMED --add-opens=java.base/java.lang=ALL-UNNAMED --add-opens=java.base/java.lang.invoke=ALL-UNNAMED --add-opens=java.base/java.util=ALL-UNNAMED --add-opens=java.prefs/java.util.prefs=ALL-UNNAMED --add-opens=java.prefs/java.util.prefs=ALL-UNNAMED --add-opens=java.base/java.nio.charset=ALL-UNNAMED --add-opens=java.base/java.net=ALL-UNNAMED --add-opens=java.base/java.util.concurrent.atomic=ALL-UNNAMED -Xmx2048m -Dfile.encoding=UTF-8 -Duser.country=US -Duser.language=en -Duser.variant org.gradle.launcher.daemon.bootstrap.GradleDaemon 7.0.2

Host: Intel(R) Celeron(R) N4020 CPU @ 1.10GHz, 2 cores, 3G,  Windows 10 , 64 bit Build 19041 (10.0.19041.1889)
Time: Thu Aug 18 00:11:26 2022 Haiti Daylight Time elapsed time: 37.510737 seconds (0d 0h 0m 37s)

---------------  T H R E A D  ---------------

Current thread (0x00000195fcfb1000):  VMThread "VM Thread" [stack: 0x0000008d9dd00000,0x0000008d9de00000] [id=3284]

Stack: [0x0000008d9dd00000,0x0000008d9de00000]
[error occurred during error reporting (printing stack bounds), id 0xc0000005, EXCEPTION_ACCESS_VIOLATION (0xc0000005) at pc=0x00000195e6c30f3d]

Native frames: (J=compiled Java code, j=interpreted, Vv=VM code, C=native code)
V  [jvm.dll+0x5ecfaa]
V  [jvm.dll+0x722bd5]
V  [jvm.dll+0x72412d]
V  [jvm.dll+0x724745]
V  [jvm.dll+0x7246fb]
V  [jvm.dll+0x5ec348]
V  [jvm.dll+0x5ecad8]
C  [ntdll.dll+0xa229f]
C  [ntdll.dll+0x51454]
C  [ntdll.dll+0xa0dce]
C  0x00000195e6c30f3d

VM_Operation (0x0000008d9fafe470): G1CollectForAllocation, mode: safepoint, requested by thread 0x00000195803a0800


---------------  P R O C E S S  ---------------

Threads class SMR info:
_java_thread_list=0x00000195801243f0, length=33, elements={
0x00000195e313f000, 0x00000195fcfb6000, 0x00000195fcfb9800, 0x00000195fd016000,
0x00000195fd017000, 0x00000195fd018000, 0x00000195fd01c800, 0x00000195fd1a3800,
0x00000195fd1a8800, 0x00000195fd2a4000, 0x00000195fd74c000, 0x00000195feb09800,
0x00000195fe8a3800, 0x00000195fea72800, 0x00000195fdf2e000, 0x00000195fe1e7000,
0x00000195fde0a000, 0x00000195fe001000, 0x00000195fdd1e800, 0x000001958025f800,
0x0000019580260000, 0x000001958025e800, 0x0000019580261000, 0x000001958039f000,
0x00000195803a0000, 0x000001958039b000, 0x00000195803a1800, 0x00000195803a0800,
0x000001958039b800, 0x000001958039d800, 0x000001958039c800, 0x000001958039e000,
0x00000195fe015000
}

Java Threads: ( => current thread )
  0x00000195e313f000 JavaThread "main" [_thread_blocked, id=1744, stack(0x0000008d9d700000,0x0000008d9d800000)]
  0x00000195fcfb6000 JavaThread "Reference Handler" daemon [_thread_blocked, id=8612, stack(0x0000008d9de00000,0x0000008d9df00000)]
  0x00000195fcfb9800 JavaThread "Finalizer" daemon [_thread_blocked, id=7340, stack(0x0000008d9df00000,0x0000008d9e000000)]
  0x00000195fd016000 JavaThread "Signal Dispatcher" daemon [_thread_blocked, id=6904, stack(0x0000008d9e000000,0x0000008d9e100000)]
  0x00000195fd017000 JavaThread "Attach Listener" daemon [_thread_blocked, id=5056, stack(0x0000008d9e100000,0x0000008d9e200000)]
  0x00000195fd018000 JavaThread "Service Thread" daemon [_thread_blocked, id=3764, stack(0x0000008d9e200000,0x0000008d9e300000)]
  0x00000195fd01c800 JavaThread "C2 CompilerThread0" daemon [_thread_in_native, id=5668, stack(0x0000008d9e300000,0x0000008d9e400000)]
  0x00000195fd1a3800 JavaThread "C1 CompilerThread0" daemon [_thread_blocked, id=4924, stack(0x0000008d9e400000,0x0000008d9e500000)]
  0x00000195fd1a8800 JavaThread "Sweeper thread" daemon [_thread_blocked, id=8456, stack(0x0000008d9e500000,0x0000008d9e600000)]
  0x00000195fd2a4000 JavaThread "Common-Cleaner" daemon [_thread_blocked, id=1776, stack(0x0000008d9e600000,0x0000008d9e700000)]
  0x00000195fd74c000 JavaThread "Daemon health stats" [_thread_blocked, id=7172, stack(0x0000008d9e900000,0x0000008d9ea00000)]
  0x00000195feb09800 JavaThread "Incoming local TCP Connector on port 52585" [_thread_in_native, id=5024, stack(0x0000008d9ea00000,0x0000008d9eb00000)]
  0x00000195fe8a3800 JavaThread "Daemon periodic checks" [_thread_blocked, id=2136, stack(0x0000008d9eb00000,0x0000008d9ec00000)]
  0x00000195fea72800 JavaThread "Daemon" [_thread_blocked, id=3588, stack(0x0000008d9ec00000,0x0000008d9ed00000)]
  0x00000195fdf2e000 JavaThread "Handler for socket connection from /127.0.0.1:52585 to /127.0.0.1:52586" [_thread_in_native, id=2252, stack(0x0000008d9ed00000,0x0000008d9ee00000)]
  0x00000195fe1e7000 JavaThread "Cancel handler" [_thread_blocked, id=8040, stack(0x0000008d9ee00000,0x0000008d9ef00000)]
  0x00000195fde0a000 JavaThread "Daemon worker" [_thread_blocked, id=10744, stack(0x0000008d9ef00000,0x0000008d9f000000)]
  0x00000195fe001000 JavaThread "Asynchronous log dispatcher for DefaultDaemonConnection: socket connection from /127.0.0.1:52585 to /127.0.0.1:52586" [_thread_blocked, id=4672, stack(0x0000008d9f000000,0x0000008d9f100000)]
  0x00000195fdd1e800 JavaThread "Stdin handler" [_thread_blocked, id=1916, stack(0x0000008d9f100000,0x0000008d9f200000)]
  0x000001958025f800 JavaThread "Daemon client event forwarder" [_thread_blocked, id=2420, stack(0x0000008d9f200000,0x0000008d9f300000)]
  0x0000019580260000 JavaThread "Cache worker for file hash cache (C:\Users\sander kerby\.gradle\caches\7.0.2\fileHashes)" [_thread_blocked, id=9440, stack(0x0000008d9f300000,0x0000008d9f400000)]
  0x000001958025e800 JavaThread "File lock request listener" [_thread_in_native, id=9272, stack(0x0000008d9f400000,0x0000008d9f500000)]
  0x0000019580261000 JavaThread "Cache worker for journal cache (C:\Users\sander kerby\.gradle\caches\journal-1)" [_thread_blocked, id=1216, stack(0x0000008d9f500000,0x0000008d9f600000)]
  0x000001958039f000 JavaThread "Cache worker for file hash cache (C:\Users\sander kerby\AndroidStudioProjects\Paniermobil\.gradle\7.0.2\fileHashes)" [_thread_blocked, id=3616, stack(0x0000008d9f600000,0x0000008d9f700000)]
  0x00000195803a0000 JavaThread "File watcher server" daemon [_thread_in_native, id=6464, stack(0x0000008d9f700000,0x0000008d9f800000)]
  0x000001958039b000 JavaThread "File watcher consumer" daemon [_thread_blocked, id=5256, stack(0x0000008d9f800000,0x0000008d9f900000)]
  0x00000195803a1800 JavaThread "jar transforms" [_thread_blocked, id=1152, stack(0x0000008d9f900000,0x0000008d9fa00000)]
  0x00000195803a0800 JavaThread "jar transforms Thread 2" [_thread_blocked, id=3988, stack(0x0000008d9fa00000,0x0000008d9fb00000)]
  0x000001958039b800 JavaThread "Cache worker for checksums cache (C:\Users\sander kerby\AndroidStudioProjects\Paniermobil\.gradle\checksums)" [_thread_blocked, id=7280, stack(0x0000008d9fb00000,0x0000008d9fc00000)]
  0x000001958039d800 JavaThread "Cache worker for cache directory md-supplier (C:\Users\sander kerby\.gradle\caches\7.0.2\md-supplier)" [_thread_blocked, id=11252, stack(0x0000008d9fc00000,0x0000008d9fd00000)]
  0x000001958039c800 JavaThread "Cache worker for cache directory md-rule (C:\Users\sander kerby\.gradle\caches\7.0.2\md-rule)" [_thread_blocked, id=11220, stack(0x0000008d9fd00000,0x0000008d9fe00000)]
  0x000001958039e000 JavaThread "Cache worker for execution history cache (C:\Users\sander kerby\.gradle\caches\7.0.2\executionHistory)" [_thread_blocked, id=472, stack(0x0000008d9fe00000,0x0000008d9ff00000)]
  0x00000195fe015000 JavaThread "Cache worker for file content cache (C:\Users\sander kerby\.gradle\caches\7.0.2\fileContent)" [_thread_blocked, id=11040, stack(0x0000008d9ff00000,0x0000008da0000000)]

Other Threads:
=>0x00000195fcfb1000 VMThread "VM Thread" [stack: 0x0000008d9dd00000,0x0000008d9de00000] [id=3284]
  0x00000195fd2b9800 WatcherThread [stack: 0x0000008d9e700000,0x0000008d9e800000] [id=6740]
  0x00000195e315e000 GCTaskThread "GC Thread#0" [stack: 0x0000008d9d800000,0x0000008d9d900000] [id=9020]
  0x00000195fd3ad800 GCTaskThread "GC Thread#1" [stack: 0x0000008d9e800000,0x0000008d9e900000] [id=10092]
  0x00000195e318f800 ConcurrentGCThread "G1 Main Marker" [stack: 0x0000008d9d900000,0x0000008d9da00000] [id=632]
  0x00000195e3191000 ConcurrentGCThread "G1 Conc#0" [stack: 0x0000008d9da00000,0x0000008d9db00000] [id=7088]
  0x00000195e31d0800 ConcurrentGCThread "G1 Refine#0" [stack: 0x0000008d9db00000,0x0000008d9dc00000] [id=660]
  0x00000195e31d1800 ConcurrentGCThread "G1 Young RemSet Sampling" [stack: 0x0000008d9dc00000,0x0000008d9dd00000] [id=8708]

Threads with active compile tasks:
C2 CompilerThread0  37558 4271 %     4       org.objectweb.asm.ClassReader::readCode @ 2185 (5109 bytes)

VM state:at safepoint (normal execution)

VM Mutex/Monitor currently owned by a thread:  ([mutex/lock_event])
[0x00000195e313c9e0] Threads_lock - owner thread: 0x00000195fcfb1000
[0x00000195e313b900] Heap_lock - owner thread: 0x00000195803a0800

Heap address: 0x0000000080000000, size: 2048 MB, Compressed Oops mode: 32-bit
Narrow klass base: 0x0000000000000000, Narrow klass shift: 3
Compressed class space size: 1073741824 Address: 0x0000000100000000

Heap:
 garbage-first heap   total 92160K, used 48321K [0x0000000080000000, 0x0000000100000000)
  region size 1024K, 2 young (2048K), 2 survivors (2048K)
 Metaspace       used 42206K, capacity 43375K, committed 43520K, reserved 1087488K
  class space    used 5380K, capacity 5805K, committed 5888K, reserved 1048576K
Heap Regions: E=young(eden), S=young(survivor), O=old, HS=humongous(starts), HC=humongous(continues), CS=collection set, F=free, A=archive, TAMS=top-at-mark-start (previous, next)
|   0|0x0000000080000000, 0x0000000080100000, 0x0000000080100000|100%| O|  |TAMS 0x0000000080100000, 0x0000000080100000| Untracked 
|   1|0x0000000080100000, 0x0000000080200000, 0x0000000080200000|100%| O|  |TAMS 0x0000000080200000, 0x0000000080200000| Untracked 
|   2|0x0000000080200000, 0x0000000080300000, 0x0000000080300000|100%| O|  |TAMS 0x0000000080300000, 0x0000000080300000| Untracked 
|   3|0x0000000080300000, 0x0000000080400000, 0x0000000080400000|100%| O|  |TAMS 0x0000000080400000, 0x0000000080400000| Untracked 
|   4|0x0000000080400000, 0x0000000080500000, 0x0000000080500000|100%|HS|  |TAMS 0x0000000080500000, 0x0000000080500000| Complete 
|   5|0x0000000080500000, 0x0000000080600000, 0x0000000080600000|100%|HC|  |TAMS 0x0000000080600000, 0x0000000080600000| Complete 
|   6|0x0000000080600000, 0x0000000080700000, 0x0000000080700000|100%|HC|  |TAMS 0x0000000080700000, 0x0000000080700000| Complete 
|   7|0x0000000080700000, 0x0000000080800000, 0x0000000080800000|100%| O|  |TAMS 0x0000000080800000, 0x0000000080800000| Untracked 
|   8|0x0000000080800000, 0x0000000080900000, 0x0000000080900000|100%| O|  |TAMS 0x0000000080900000, 0x0000000080900000| Untracked 
|   9|0x0000000080900000, 0x0000000080a00000, 0x0000000080a00000|100%| O|  |TAMS 0x0000000080a00000, 0x0000000080a00000| Untracked 
|  10|0x0000000080a00000, 0x0000000080b00000, 0x0000000080b00000|100%| O|  |TAMS 0x0000000080b00000, 0x0000000080b00000| Untracked 
|  11|0x0000000080b00000, 0x0000000080c00000, 0x0000000080c00000|100%| O|  |TAMS 0x0000000080c00000, 0x0000000080c00000| Untracked 
|  12|0x0000000080c00000, 0x0000000080d00000, 0x0000000080d00000|100%| O|  |TAMS 0x0000000080d00000, 0x0000000080d00000| Untracked 
|  13|0x0000000080d00000, 0x0000000080e00000, 0x0000000080e00000|100%| O|  |TAMS 0x0000000080e00000, 0x0000000080e00000| Untracked 
|  14|0x0000000080e00000, 0x0000000080f00000, 0x0000000080f00000|100%| O|  |TAMS 0x0000000080f00000, 0x0000000080f00000| Untracked 
|  15|0x0000000080f00000, 0x0000000081000000, 0x0000000081000000|100%| O|  |TAMS 0x0000000081000000, 0x0000000081000000| Untracked 
|  16|0x0000000081000000, 0x0000000081100000, 0x0000000081100000|100%|HS|  |TAMS 0x0000000081100000, 0x0000000081100000| Complete 
|  17|0x0000000081100000, 0x0000000081200000, 0x0000000081200000|100%|HC|  |TAMS 0x0000000081200000, 0x0000000081200000| Complete 
|  18|0x0000000081200000, 0x0000000081300000, 0x0000000081300000|100%|HS|  |TAMS 0x0000000081300000, 0x0000000081300000| Complete 
|  19|0x0000000081300000, 0x0000000081400000, 0x0000000081400000|100%|HC|  |TAMS 0x0000000081400000, 0x0000000081400000| Complete 
|  20|0x0000000081400000, 0x0000000081500000, 0x0000000081500000|100%|HC|  |TAMS 0x0000000081500000, 0x0000000081500000| Complete 
|  21|0x0000000081500000, 0x0000000081600000, 0x0000000081600000|100%|HS|  |TAMS 0x0000000081600000, 0x0000000081600000| Complete 
|  22|0x0000000081600000, 0x0000000081700000, 0x0000000081700000|100%|HC|  |TAMS 0x0000000081700000, 0x0000000081700000| Complete 
|  23|0x0000000081700000, 0x0000000081800000, 0x0000000081800000|100%|HC|  |TAMS 0x0000000081800000, 0x0000000081800000| Complete 
|  24|0x0000000081800000, 0x0000000081900000, 0x0000000081900000|100%|HC|  |TAMS 0x0000000081900000, 0x0000000081900000| Complete 
|  25|0x0000000081900000, 0x0000000081a00000, 0x0000000081a00000|100%|HC|  |TAMS 0x0000000081a00000, 0x0000000081a00000| Complete 
|  26|0x0000000081a00000, 0x0000000081b00000, 0x0000000081b00000|100%| O|  |TAMS 0x0000000081b00000, 0x0000000081b00000| Untracked 
|  27|0x0000000081b00000, 0x0000000081c00000, 0x0000000081c00000|100%| O|  |TAMS 0x0000000081c00000, 0x0000000081c00000| Untracked 
|  28|0x0000000081c00000, 0x0000000081d00000, 0x0000000081d00000|100%| O|  |TAMS 0x0000000081d00000, 0x0000000081d00000| Untracked 
|  29|0x0000000081d00000, 0x0000000081e00000, 0x0000000081e00000|100%| O|  |TAMS 0x0000000081e00000, 0x0000000081e00000| Untracked 
|  30|0x0000000081e00000, 0x0000000081f00000, 0x0000000081f00000|100%| O|  |TAMS 0x0000000081f00000, 0x0000000081f00000| Untracked 
|  31|0x0000000081f00000, 0x0000000082000000, 0x0000000082000000|100%| O|  |TAMS 0x0000000082000000, 0x0000000082000000| Untracked 
|  32|0x0000000082000000, 0x0000000082100000, 0x0000000082100000|100%| O|  |TAMS 0x0000000082100000, 0x0000000082100000| Untracked 
|  33|0x0000000082100000, 0x0000000082200000, 0x0000000082200000|100%| O|  |TAMS 0x0000000082200000, 0x0000000082200000| Untracked 
|  34|0x0000000082200000, 0x0000000082300000, 0x0000000082300000|100%| O|  |TAMS 0x0000000082300000, 0x0000000082300000| Untracked 
|  35|0x0000000082300000, 0x0000000082400000, 0x0000000082400000|100%| O|  |TAMS 0x0000000082400000, 0x0000000082400000| Untracked 
|  36|0x0000000082400000, 0x0000000082500000, 0x0000000082500000|100%| O|  |TAMS 0x0000000082500000, 0x0000000082500000| Untracked 
|  37|0x0000000082500000, 0x0000000082600000, 0x0000000082600000|100%| O|  |TAMS 0x0000000082600000, 0x0000000082600000| Untracked 
|  38|0x0000000082600000, 0x0000000082700000, 0x0000000082700000|100%|HS|  |TAMS 0x0000000082700000, 0x0000000082700000| Complete 
|  39|0x0000000082700000, 0x0000000082800000, 0x0000000082800000|100%|HC|  |TAMS 0x0000000082800000, 0x0000000082800000| Complete 
|  40|0x0000000082800000, 0x0000000082900000, 0x0000000082900000|100%|HC|  |TAMS 0x0000000082900000, 0x0000000082900000| Complete 
|  41|0x0000000082900000, 0x0000000082a00000, 0x0000000082a00000|100%|HC|  |TAMS 0x0000000082a00000, 0x0000000082a00000| Complete 
|  42|0x0000000082a00000, 0x0000000082b00000, 0x0000000082b00000|100%|HC|  |TAMS 0x0000000082b00000, 0x0000000082b00000| Complete 
|  43|0x0000000082b00000, 0x0000000082c00000, 0x0000000082c00000|100%| O|  |TAMS 0x0000000082c00000, 0x0000000082c00000| Untracked 
|  44|0x0000000082c00000, 0x0000000082c1e800, 0x0000000082d00000| 11%| O|  |TAMS 0x0000000082c1e800, 0x0000000082c1e800| Untracked 
|  45|0x0000000082d00000, 0x0000000082e00000, 0x0000000082e00000|100%| O|  |TAMS 0x0000000082e00000, 0x0000000082e00000| Untracked 
|  46|0x0000000082e00000, 0x0000000082f00000, 0x0000000082f00000|100%| O|  |TAMS 0x0000000082f00000, 0x0000000082f00000| Untracked 
|  47|0x0000000082f00000, 0x0000000082f00000, 0x0000000083000000|  0%| F|  |TAMS 0x0000000082f00000, 0x0000000082f00000| Untracked 
|  48|0x0000000083000000, 0x0000000083000000, 0x0000000083100000|  0%| F|  |TAMS 0x0000000083000000, 0x0000000083000000| Untracked 
|  49|0x0000000083100000, 0x0000000083100000, 0x0000000083200000|  0%| F|  |TAMS 0x0000000083100000, 0x0000000083100000| Untracked 
|  50|0x0000000083200000, 0x0000000083200000, 0x0000000083300000|  0%| F|  |TAMS 0x0000000083200000, 0x0000000083200000| Untracked 
|  51|0x0000000083300000, 0x0000000083300000, 0x0000000083400000|  0%| F|  |TAMS 0x0000000083300000, 0x0000000083300000| Untracked 
|  52|0x0000000083400000, 0x0000000083400000, 0x0000000083500000|  0%| F|  |TAMS 0x0000000083400000, 0x0000000083400000| Untracked 
|  53|0x0000000083500000, 0x0000000083500000, 0x0000000083600000|  0%| F|  |TAMS 0x0000000083500000, 0x0000000083500000| Untracked 
|  54|0x0000000083600000, 0x0000000083600000, 0x0000000083700000|  0%| F|  |TAMS 0x0000000083600000, 0x0000000083600000| Untracked 
|  55|0x0000000083700000, 0x0000000083700000, 0x0000000083800000|  0%| F|  |TAMS 0x0000000083700000, 0x0000000083700000| Untracked 
|  56|0x0000000083800000, 0x0000000083800000, 0x0000000083900000|  0%| F|  |TAMS 0x0000000083800000, 0x0000000083800000| Untracked 
|  57|0x0000000083900000, 0x0000000083900000, 0x0000000083a00000|  0%| F|  |TAMS 0x0000000083900000, 0x0000000083900000| Untracked 
|  58|0x0000000083a00000, 0x0000000083a11e88, 0x0000000083b00000|  6%| S|CS|TAMS 0x0000000083a00000, 0x0000000083a00000| Complete 
|  59|0x0000000083b00000, 0x0000000083c00000, 0x0000000083c00000|100%| S|CS|TAMS 0x0000000083b00000, 0x0000000083b00000| Complete 
|  60|0x0000000083c00000, 0x0000000083c00000, 0x0000000083d00000|  0%| F|  |TAMS 0x0000000083c00000, 0x0000000083c00000| Untracked 
|  61|0x0000000083d00000, 0x0000000083d00000, 0x0000000083e00000|  0%| F|  |TAMS 0x0000000083d00000, 0x0000000083d00000| Untracked 
|  62|0x0000000083e00000, 0x0000000083e00000, 0x0000000083f00000|  0%| F|  |TAMS 0x0000000083e00000, 0x0000000083e00000| Untracked 
|  63|0x0000000083f00000, 0x0000000083f00000, 0x0000000084000000|  0%| F|  |TAMS 0x0000000083f00000, 0x0000000083f00000| Untracked 
|  64|0x0000000084000000, 0x0000000084000000, 0x0000000084100000|  0%| F|  |TAMS 0x0000000084000000, 0x0000000084000000| Untracked 
|  65|0x0000000084100000, 0x0000000084100000, 0x0000000084200000|  0%| F|  |TAMS 0x0000000084100000, 0x0000000084100000| Untracked 
|  66|0x0000000084200000, 0x0000000084200000, 0x0000000084300000|  0%| F|  |TAMS 0x0000000084200000, 0x0000000084200000| Untracked 
|  67|0x0000000084300000, 0x0000000084300000, 0x0000000084400000|  0%| F|  |TAMS 0x0000000084300000, 0x0000000084300000| Untracked 
|  68|0x0000000084400000, 0x0000000084400000, 0x0000000084500000|  0%| F|  |TAMS 0x0000000084400000, 0x0000000084400000| Untracked 
|  69|0x0000000084500000, 0x0000000084500000, 0x0000000084600000|  0%| F|  |TAMS 0x0000000084500000, 0x0000000084500000| Untracked 
|  70|0x0000000084600000, 0x0000000084600000, 0x0000000084700000|  0%| F|  |TAMS 0x0000000084600000, 0x0000000084600000| Untracked 
|  71|0x0000000084700000, 0x0000000084700000, 0x0000000084800000|  0%| F|  |TAMS 0x0000000084700000, 0x0000000084700000| Untracked 
|  72|0x0000000084800000, 0x0000000084800000, 0x0000000084900000|  0%| F|  |TAMS 0x0000000084800000, 0x0000000084800000| Untracked 
|  73|0x0000000084900000, 0x0000000084900000, 0x0000000084a00000|  0%| F|  |TAMS 0x0000000084900000, 0x0000000084900000| Untracked 
|  74|0x0000000084a00000, 0x0000000084a00000, 0x0000000084b00000|  0%| F|  |TAMS 0x0000000084a00000, 0x0000000084a00000| Untracked 

Card table byte_map: [0x00000195f5c30000,0x00000195f6030000] _byte_map_base: 0x00000195f5830000

Marking Bits (Prev, Next): (CMBitMap*) 0x00000195e3186ec0, (CMBitMap*) 0x00000195e3186e88
 Prev Bits: [0x00000195f8430000, 0x00000195fa430000)
 Next Bits: [0x00000195f6430000, 0x00000195f8430000)

Polling page: 0x00000195e0f10000

Metaspace:

Usage:
  Non-class:     36.69 MB capacity,    35.96 MB ( 98%) used,   640.12 KB (  2%) free+waste,   103.94 KB ( <1%) overhead. 
      Class:      5.67 MB capacity,     5.25 MB ( 93%) used,   374.24 KB (  6%) free+waste,    50.13 KB ( <1%) overhead. 
       Both:     42.36 MB capacity,    41.22 MB ( 97%) used,  1014.36 KB (  2%) free+waste,   154.06 KB ( <1%) overhead. 

Virtual space:
  Non-class space:       38.00 MB reserved,      36.75 MB ( 97%) committed 
      Class space:        1.00 GB reserved,       5.75 MB ( <1%) committed 
             Both:        1.04 GB reserved,      42.50 MB (  4%) committed 

Chunk freelists:
   Non-Class:  62.00 KB
       Class:  19.00 KB
        Both:  81.00 KB

MaxMetaspaceSize: 17179869184.00 GB
CompressedClassSpaceSize: 1.00 GB

CodeHeap 'non-profiled nmethods': size=120064Kb used=2479Kb max_used=2479Kb free=117584Kb
 bounds [0x00000195ee6f0000, 0x00000195ee960000, 0x00000195f5c30000]
CodeHeap 'profiled nmethods': size=120000Kb used=9561Kb max_used=9561Kb free=110438Kb
 bounds [0x00000195e71c0000, 0x00000195e7b20000, 0x00000195ee6f0000]
CodeHeap 'non-nmethods': size=5696Kb used=2195Kb max_used=2253Kb free=3500Kb
 bounds [0x00000195e6c30000, 0x00000195e6ea0000, 0x00000195e71c0000]
 total_blobs=4984 nmethods=4208 adapters=687
 compilation: enabled
              stopped_count=0, restarted_count=0
 full_count=0

Compilation events (20 events):
Event: 35.595 Thread 0x00000195fd1a3800 4264       2       org.objectweb.asm.MethodWriter::visitInvokeDynamicInsn (147 bytes)
Event: 35.595 Thread 0x00000195fd1a3800 nmethod 4264 0x00000195e7b09d10 code [0x00000195e7b09f20, 0x00000195e7b0a218]
Event: 35.596 Thread 0x00000195fd1a3800 4265       2       org.objectweb.asm.SymbolTable::addConstantDynamicOrInvokeDynamicReference (140 bytes)
Event: 35.597 Thread 0x00000195fd1a3800 nmethod 4265 0x00000195e7b0a490 code [0x00000195e7b0a6c0, 0x00000195e7b0ab78]
Event: 35.699 Thread 0x00000195fd1a3800 4267       2       org.objectweb.asm.ClassReader::readElementValue (1237 bytes)
Event: 35.706 Thread 0x00000195fd1a3800 nmethod 4267 0x00000195e7b0af90 code [0x00000195e7b0b520, 0x00000195e7b0db48]
Event: 36.241 Thread 0x00000195fd1a3800 4269       2       org.objectweb.asm.FieldWriter::visitTypeAnnotation (45 bytes)
Event: 36.242 Thread 0x00000195fd1a3800 nmethod 4269 0x00000195e7b0f690 code [0x00000195e7b0f860, 0x00000195e7b0fa78]
Event: 36.895 Thread 0x00000195fd01c800 nmethod 4229% 0x00000195ee944390 code [0x00000195ee944d20, 0x00000195ee950410]
Event: 36.897 Thread 0x00000195fd01c800 4266       4       org.objectweb.asm.ClassReader::<init> (371 bytes)
Event: 36.939 Thread 0x00000195fd01c800 nmethod 4266 0x00000195ee959b10 code [0x00000195ee959ce0, 0x00000195ee95a768]
Event: 36.940 Thread 0x00000195fd01c800 4218       4       org.apache.tools.zip.ZipOutputStream::writeOut (31 bytes)
Event: 36.955 Thread 0x00000195fd01c800 nmethod 4218 0x00000195ee95ac10 code [0x00000195ee95ade0, 0x00000195ee95b408]
Event: 36.955 Thread 0x00000195fd01c800 4212       4       org.objectweb.asm.Label::addLineNumber (89 bytes)
Event: 36.970 Thread 0x00000195fd01c800 nmethod 4212 0x00000195ee95b710 code [0x00000195ee95b8c0, 0x00000195ee95bdd8]
Event: 36.970 Thread 0x00000195fd01c800 4271 %     4       org.objectweb.asm.ClassReader::readCode @ 2185 (5109 bytes)
Event: 37.318 Thread 0x00000195fd1a3800 4278 %     3       org.objectweb.asm.MethodWriter::visitFrame @ 440 (811 bytes)
Event: 37.324 Thread 0x00000195fd1a3800 nmethod 4278% 0x00000195e7b0fb90 code [0x00000195e7b100a0, 0x00000195e7b12228]
Event: 37.324 Thread 0x00000195fd1a3800 4279       3       org.objectweb.asm.MethodWriter::visitFrame (811 bytes)
Event: 37.329 Thread 0x00000195fd1a3800 nmethod 4279 0x00000195e7b13210 code [0x00000195e7b13700, 0x00000195e7b156e8]

GC Heap History (20 events):
Event: 32.612 GC heap after
{Heap after GC invocations=43 (full 0):
 garbage-first heap   total 63488K, used 47472K [0x0000000080000000, 0x0000000100000000)
  region size 1024K, 1 young (1024K), 1 survivors (1024K)
 Metaspace       used 42181K, capacity 43311K, committed 43520K, reserved 1087488K
  class space    used 5380K, capacity 5805K, committed 5888K, reserved 1048576K
}
Event: 32.669 GC heap before
{Heap before GC invocations=43 (full 0):
 garbage-first heap   total 63488K, used 50544K [0x0000000080000000, 0x0000000100000000)
  region size 1024K, 5 young (5120K), 1 survivors (1024K)
 Metaspace       used 42181K, capacity 43311K, committed 43520K, reserved 1087488K
  class space    used 5380K, capacity 5805K, committed 5888K, reserved 1048576K
}
Event: 32.672 GC heap after
{Heap after GC invocations=44 (full 0):
 garbage-first heap   total 63488K, used 47618K [0x0000000080000000, 0x0000000100000000)
  region size 1024K, 1 young (1024K), 1 survivors (1024K)
 Metaspace       used 42181K, capacity 43311K, committed 43520K, reserved 1087488K
  class space    used 5380K, capacity 5805K, committed 5888K, reserved 1048576K
}
Event: 32.711 GC heap before
{Heap before GC invocations=44 (full 0):
 garbage-first heap   total 63488K, used 51714K [0x0000000080000000, 0x0000000100000000)
  region size 1024K, 5 young (5120K), 1 survivors (1024K)
 Metaspace       used 42181K, capacity 43311K, committed 43520K, reserved 1087488K
  class space    used 5380K, capacity 5805K, committed 5888K, reserved 1048576K
}
Event: 32.713 GC heap after
{Heap after GC invocations=45 (full 0):
 garbage-first heap   total 63488K, used 47343K [0x0000000080000000, 0x0000000100000000)
  region size 1024K, 1 young (1024K), 1 survivors (1024K)
 Metaspace       used 42181K, capacity 43311K, committed 43520K, reserved 1087488K
  class space    used 5380K, capacity 5805K, committed 5888K, reserved 1048576K
}
Event: 32.895 GC heap before
{Heap before GC invocations=46 (full 0):
 garbage-first heap   total 63488K, used 51439K [0x0000000080000000, 0x0000000100000000)
  region size 1024K, 5 young (5120K), 1 survivors (1024K)
 Metaspace       used 42183K, capacity 43311K, committed 43520K, reserved 1087488K
  class space    used 5380K, capacity 5805K, committed 5888K, reserved 1048576K
}
Event: 32.897 GC heap after
{Heap after GC invocations=47 (full 0):
 garbage-first heap   total 63488K, used 47385K [0x0000000080000000, 0x0000000100000000)
  region size 1024K, 1 young (1024K), 1 survivors (1024K)
 Metaspace       used 42183K, capacity 43311K, committed 43520K, reserved 1087488K
  class space    used 5380K, capacity 5805K, committed 5888K, reserved 1048576K
}
Event: 33.568 GC heap before
{Heap before GC invocations=47 (full 0):
 garbage-first heap   total 63488K, used 51481K [0x0000000080000000, 0x0000000100000000)
  region size 1024K, 5 young (5120K), 1 survivors (1024K)
 Metaspace       used 42183K, capacity 43311K, committed 43520K, reserved 1087488K
  class space    used 5380K, capacity 5805K, committed 5888K, reserved 1048576K
}
Event: 33.570 GC heap after
{Heap after GC invocations=48 (full 0):
 garbage-first heap   total 76800K, used 47509K [0x0000000080000000, 0x0000000100000000)
  region size 1024K, 1 young (1024K), 1 survivors (1024K)
 Metaspace       used 42183K, capacity 43311K, committed 43520K, reserved 1087488K
  class space    used 5380K, capacity 5805K, committed 5888K, reserved 1048576K
}
Event: 34.391 GC heap before
{Heap before GC invocations=49 (full 0):
 garbage-first heap   total 76800K, used 59797K [0x0000000080000000, 0x0000000100000000)
  region size 1024K, 13 young (13312K), 1 survivors (1024K)
 Metaspace       used 42186K, capacity 43375K, committed 43520K, reserved 1087488K
  class space    used 5380K, capacity 5805K, committed 5888K, reserved 1048576K
}
Event: 34.395 GC heap after
{Heap after GC invocations=50 (full 0):
 garbage-first heap   total 76800K, used 47605K [0x0000000080000000, 0x0000000100000000)
  region size 1024K, 1 young (1024K), 1 survivors (1024K)
 Metaspace       used 42186K, capacity 43375K, committed 43520K, reserved 1087488K
  class space    used 5380K, capacity 5805K, committed 5888K, reserved 1048576K
}
Event: 34.857 GC heap before
{Heap before GC invocations=50 (full 0):
 garbage-first heap   total 76800K, used 60917K [0x0000000080000000, 0x0000000100000000)
  region size 1024K, 15 young (15360K), 1 survivors (1024K)
 Metaspace       used 42186K, capacity 43375K, committed 43520K, reserved 1087488K
  class space    used 5380K, capacity 5805K, committed 5888K, reserved 1048576K
}
Event: 34.860 GC heap after
{Heap after GC invocations=51 (full 0):
 garbage-first heap   total 76800K, used 47750K [0x0000000080000000, 0x0000000100000000)
  region size 1024K, 1 young (1024K), 1 survivors (1024K)
 Metaspace       used 42186K, capacity 43375K, committed 43520K, reserved 1087488K
  class space    used 5380K, capacity 5805K, committed 5888K, reserved 1048576K
}
Event: 35.346 GC heap before
{Heap before GC invocations=52 (full 0):
 garbage-first heap   total 76800K, used 62086K [0x0000000080000000, 0x0000000100000000)
  region size 1024K, 15 young (15360K), 1 survivors (1024K)
 Metaspace       used 42197K, capacity 43375K, committed 43520K, reserved 1087488K
  class space    used 5380K, capacity 5805K, committed 5888K, reserved 1048576K
}
Event: 35.349 GC heap after
{Heap after GC invocations=53 (full 0):
 garbage-first heap   total 76800K, used 47714K [0x0000000080000000, 0x0000000100000000)
  region size 1024K, 1 young (1024K), 1 survivors (1024K)
 Metaspace       used 42197K, capacity 43375K, committed 43520K, reserved 1087488K
  class space    used 5380K, capacity 5805K, committed 5888K, reserved 1048576K
}
Event: 35.729 GC heap before
{Heap before GC invocations=53 (full 0):
 garbage-first heap   total 76800K, used 62050K [0x0000000080000000, 0x0000000100000000)
  region size 1024K, 15 young (15360K), 1 survivors (1024K)
 Metaspace       used 42206K, capacity 43375K, committed 43520K, reserved 1087488K
  class space    used 5380K, capacity 5805K, committed 5888K, reserved 1048576K
}
Event: 35.732 GC heap after
{Heap after GC invocations=54 (full 0):
 garbage-first heap   total 76800K, used 47940K [0x0000000080000000, 0x0000000100000000)
  region size 1024K, 1 young (1024K), 1 survivors (1024K)
 Metaspace       used 42206K, capacity 43375K, committed 43520K, reserved 1087488K
  class space    used 5380K, capacity 5805K, committed 5888K, reserved 1048576K
}
Event: 36.274 GC heap before
{Heap before GC invocations=55 (full 0):
 garbage-first heap   total 76800K, used 62276K [0x0000000080000000, 0x0000000100000000)
  region size 1024K, 15 young (15360K), 1 survivors (1024K)
 Metaspace       used 42206K, capacity 43375K, committed 43520K, reserved 1087488K
  class space    used 5380K, capacity 5805K, committed 5888K, reserved 1048576K
}
Event: 36.278 GC heap after
{Heap after GC invocations=56 (full 0):
 garbage-first heap   total 76800K, used 48033K [0x0000000080000000, 0x0000000100000000)
  region size 1024K, 1 young (1024K), 1 survivors (1024K)
 Metaspace       used 42206K, capacity 43375K, committed 43520K, reserved 1087488K
  class space    used 5380K, capacity 5805K, committed 5888K, reserved 1048576K
}
Event: 37.497 GC heap before
{Heap before GC invocations=56 (full 0):
 garbage-first heap   total 76800K, used 62369K [0x0000000080000000, 0x0000000100000000)
  region size 1024K, 15 young (15360K), 1 survivors (1024K)
 Metaspace       used 42206K, capacity 43375K, committed 43520K, reserved 1087488K
  class space    used 5380K, capacity 5805K, committed 5888K, reserved 1048576K
}

Deoptimization events (20 events):
Event: 35.682 Thread 0x00000195803a0800 DEOPT PACKING pc=0x00000195ee93344c sp=0x0000008d9fafe5d0
Event: 35.682 Thread 0x00000195803a0800 DEOPT UNPACKING pc=0x00000195e6c56ca9 sp=0x0000008d9fafe560 mode 2
Event: 35.726 Thread 0x00000195803a0800 DEOPT PACKING pc=0x00000195e7a4202e sp=0x0000008d9fafeab0
Event: 35.726 Thread 0x00000195803a0800 DEOPT UNPACKING pc=0x00000195e6c56abf sp=0x0000008d9fafdfd0 mode 0
Event: 35.973 Thread 0x00000195803a0800 DEOPT PACKING pc=0x00000195e7a4202e sp=0x0000008d9fafeab0
Event: 35.973 Thread 0x00000195803a0800 DEOPT UNPACKING pc=0x00000195e6c56abf sp=0x0000008d9fafdfd0 mode 0
Event: 36.065 Thread 0x00000195803a0800 DEOPT PACKING pc=0x00000195e7a4202e sp=0x0000008d9fafeab0
Event: 36.065 Thread 0x00000195803a0800 DEOPT UNPACKING pc=0x00000195e6c56abf sp=0x0000008d9fafdfd0 mode 0
Event: 36.132 Thread 0x00000195803a0800 DEOPT PACKING pc=0x00000195e7a4202e sp=0x0000008d9fafeab0
Event: 36.132 Thread 0x00000195803a0800 DEOPT UNPACKING pc=0x00000195e6c56abf sp=0x0000008d9fafdfd0 mode 0
Event: 36.244 Thread 0x00000195803a0800 DEOPT PACKING pc=0x00000195e7a4202e sp=0x0000008d9fafeab0
Event: 36.244 Thread 0x00000195803a0800 DEOPT UNPACKING pc=0x00000195e6c56abf sp=0x0000008d9fafdfd0 mode 0
Event: 36.427 Thread 0x00000195803a0800 DEOPT PACKING pc=0x00000195e7a4202e sp=0x0000008d9fafeab0
Event: 36.427 Thread 0x00000195803a0800 DEOPT UNPACKING pc=0x00000195e6c56abf sp=0x0000008d9fafdfd0 mode 0
Event: 36.547 Thread 0x00000195803a0800 DEOPT PACKING pc=0x00000195e7a4202e sp=0x0000008d9fafeab0
Event: 36.547 Thread 0x00000195803a0800 DEOPT UNPACKING pc=0x00000195e6c56abf sp=0x0000008d9fafdfd0 mode 0
Event: 37.285 Thread 0x00000195803a0800 DEOPT PACKING pc=0x00000195e7ae900e sp=0x0000008d9fafe3d0
Event: 37.285 Thread 0x00000195803a0800 DEOPT UNPACKING pc=0x00000195e6c56abf sp=0x0000008d9fafda50 mode 0
Event: 37.332 Thread 0x00000195803a0800 DEOPT PACKING pc=0x00000195e7b02cb9 sp=0x0000008d9fafe230
Event: 37.332 Thread 0x00000195803a0800 DEOPT UNPACKING pc=0x00000195e6c56abf sp=0x0000008d9fafd758 mode 0

Classes redefined (0 events):
No events

Internal exceptions (20 events):
Event: 24.789 Thread 0x00000195fde0a000 Exception <a 'java/lang/ClassNotFoundException'{0x0000000083aad030}: groovy/lang/Closure$1Customizer> (0x0000000083aad030) thrown at [./src/hotspot/share/classfile/systemDictionary.cpp, line 231]
Event: 25.328 Thread 0x00000195fde0a000 Exception <a 'java/lang/ClassNotFoundException'{0x0000000083bb8a88}: org/gradle/internal/metaobject/ConfigureDelegateBeanInfo> (0x0000000083bb8a88) thrown at [./src/hotspot/share/classfile/systemDictionary.cpp, line 231]
Event: 25.329 Thread 0x00000195fde0a000 Exception <a 'java/lang/ClassNotFoundException'{0x0000000083bdca78}: org/gradle/internal/metaobject/ConfigureDelegateCustomizer> (0x0000000083bdca78) thrown at [./src/hotspot/share/classfile/systemDictionary.cpp, line 231]
Event: 25.356 Thread 0x00000195fde0a000 Exception <a 'java/lang/ClassNotFoundException'{0x0000000083a50ff0}: org/gradle/api/internal/initialization/DefaultScriptHandlerBeanInfo> (0x0000000083a50ff0) thrown at [./src/hotspot/share/classfile/systemDictionary.cpp, line 231]
Event: 25.358 Thread 0x00000195fde0a000 Exception <a 'java/lang/ClassNotFoundException'{0x0000000083a79290}: org/gradle/api/internal/initialization/DefaultScriptHandlerCustomizer> (0x0000000083a79290) thrown at [./src/hotspot/share/classfile/systemDictionary.cpp, line 231]
Event: 25.880 Thread 0x00000195fde0a000 Exception <a 'java/lang/ClassNotFoundException'{0x000000008312faa0}: org/gradle/api/internal/artifacts/dsl/dependencies/DefaultDependencyHandler_DecoratedBeanInfo> (0x000000008312faa0) thrown at [./src/hotspot/share/classfile/systemDictionary.cpp, line 231]
Event: 25.881 Thread 0x00000195fde0a000 Exception <a 'java/lang/ClassNotFoundException'{0x000000008316c2e8}: org/gradle/api/internal/artifacts/dsl/dependencies/DefaultDependencyHandlerBeanInfo> (0x000000008316c2e8) thrown at [./src/hotspot/share/classfile/systemDictionary.cpp, line 231]
Event: 25.883 Thread 0x00000195fde0a000 Exception <a 'java/lang/ClassNotFoundException'{0x00000000831a8aa0}: org/gradle/api/internal/artifacts/dsl/dependencies/DefaultDependencyHandlerCustomizer> (0x00000000831a8aa0) thrown at [./src/hotspot/share/classfile/systemDictionary.cpp, line 231]
Event: 25.895 Thread 0x00000195fde0a000 Exception <a 'java/lang/ClassNotFoundException'{0x0000000083d0f100}: org/gradle/api/internal/artifacts/dsl/dependencies/DefaultDependencyHandler_DecoratedCustomizer> (0x0000000083d0f100) thrown at [./src/hotspot/share/classfile/systemDictionary.cpp, line 231]
Event: 25.974 Thread 0x00000195fde0a000 Exception <a 'java/lang/NoSuchMethodError'{0x0000000083df2a20}: 'int java.lang.invoke.DirectMethodHandle$Holder.invokeVirtual(java.lang.Object, java.lang.Object)'> (0x0000000083df2a20) thrown at [./src/hotspot/share/interpreter/linkResolver.cpp, line 773]
Event: 26.129 Thread 0x00000195fde0a000 Exception <a 'java/lang/NoSuchMethodError'{0x0000000083b4e400}: 'java.lang.Object java.lang.invoke.DirectMethodHandle$Holder.invokeStatic(java.lang.Object, java.lang.Object, int, java.lang.Object)'> (0x0000000083b4e400) thrown at [./src/hotspot/share/interpreter/linkResolver.cpp, line 773]
Event: 26.130 Thread 0x00000195fde0a000 Exception <a 'java/lang/NoSuchMethodError'{0x0000000083b553f0}: 'java.lang.Object java.lang.invoke.Invokers$Holder.linkToTargetMethod(java.lang.Object, int, java.lang.Object, java.lang.Object)'> (0x0000000083b553f0) thrown at [./src/hotspot/share/interpreter/linkResolver.cpp, line 773]
Event: 28.178 Thread 0x00000195fde0a000 Exception <a 'java/lang/IncompatibleClassChangeError'{0x0000000083b5b798}: Found class java.lang.Object, but interface was expected> (0x0000000083b5b798) thrown at [./src/hotspot/share/interpreter/linkResolver.cpp, line 839]
Event: 28.629 Thread 0x00000195fde0a000 Exception <a 'java/lang/NoSuchMethodError'{0x0000000083925b28}: 'java.lang.Object java.lang.invoke.Invokers$Holder.linkToTargetMethod(java.lang.Object, int, java.lang.Object)'> (0x0000000083925b28) thrown at [./src/hotspot/share/interpreter/linkResolver.cpp, line 773]
Event: 28.780 Thread 0x00000195fde0a000 Exception <a 'java/lang/NoSuchMethodError'{0x0000000083581408}: 'int java.lang.invoke.DirectMethodHandle$Holder.invokeStaticInit(java.lang.Object)'> (0x0000000083581408) thrown at [./src/hotspot/share/interpreter/linkResolver.cpp, line 773]
Event: 28.990 Thread 0x00000195803a1800 Exception <a 'sun/nio/fs/WindowsException'{0x0000000083d4a478}> (0x0000000083d4a478) thrown at [./src/hotspot/share/prims/jni.cpp, line 615]
Event: 29.077 Thread 0x00000195803a0800 Implicit null exception at 0x00000195ee8d093f to 0x00000195ee8d0e04
Event: 29.116 Thread 0x00000195803a0800 Exception <a 'sun/nio/fs/WindowsException'{0x000000008345ff28}> (0x000000008345ff28) thrown at [./src/hotspot/share/prims/jni.cpp, line 615]
Event: 35.261 Thread 0x00000195803a1800 Exception <a 'sun/nio/fs/WindowsException'{0x0000000084399fe8}> (0x0000000084399fe8) thrown at [./src/hotspot/share/prims/jni.cpp, line 615]
Event: 35.506 Thread 0x00000195803a1800 Exception <a 'sun/nio/fs/WindowsException'{0x0000000084648f38}> (0x0000000084648f38) thrown at [./src/hotspot/share/prims/jni.cpp, line 615]

Events (20 events):
Event: 34.847 Executing VM operation: G1CollectForAllocation done
Event: 34.857 Executing VM operation: G1CollectForAllocation
Event: 34.860 Executing VM operation: G1CollectForAllocation done
Event: 34.960 Executing VM operation: CGC_Operation
Event: 34.987 Executing VM operation: CGC_Operation done
Event: 35.031 Executing VM operation: CGC_Operation
Event: 35.031 Executing VM operation: CGC_Operation done
Event: 35.186 Executing VM operation: RevokeBias
Event: 35.191 Executing VM operation: RevokeBias done
Event: 35.345 Executing VM operation: G1CollectForAllocation
Event: 35.349 Executing VM operation: G1CollectForAllocation done
Event: 35.729 Executing VM operation: G1CollectForAllocation
Event: 35.732 Executing VM operation: G1CollectForAllocation done
Event: 35.838 Executing VM operation: CGC_Operation
Event: 35.857 Executing VM operation: CGC_Operation done
Event: 35.901 Executing VM operation: CGC_Operation
Event: 35.901 Executing VM operation: CGC_Operation done
Event: 36.273 Executing VM operation: G1CollectForAllocation
Event: 36.278 Executing VM operation: G1CollectForAllocation done
Event: 37.497 Executing VM operation: G1CollectForAllocation


Dynamic libraries:
0x00007ff6f4f40000 - 0x00007ff6f4f4a000 	C:\Program Files\Android\Android Studio\jre\bin\java.exe
0x00007ff983a30000 - 0x00007ff983c28000 	C:\windows\SYSTEM32\ntdll.dll
0x00007ff9831b0000 - 0x00007ff98326d000 	C:\windows\System32\KERNEL32.DLL
0x00007ff981210000 - 0x00007ff9814de000 	C:\windows\System32\KERNELBASE.dll
0x00007ff981880000 - 0x00007ff981980000 	C:\windows\System32\ucrtbase.dll
0x00007ff95f270000 - 0x00007ff95f289000 	C:\Program Files\Android\Android Studio\jre\bin\jli.dll
0x00007ff95a560000 - 0x00007ff95a577000 	C:\Program Files\Android\Android Studio\jre\bin\VCRUNTIME140.dll
0x00007ff9827f0000 - 0x00007ff982990000 	C:\windows\System32\USER32.dll
0x00007ff981640000 - 0x00007ff981662000 	C:\windows\System32\win32u.dll
0x00007ff96adf0000 - 0x00007ff96b08a000 	C:\windows\WinSxS\amd64_microsoft.windows.common-controls_6595b64144ccf1df_6.0.19041.1110_none_60b5254171f9507e\COMCTL32.dll
0x00007ff9825b0000 - 0x00007ff9825da000 	C:\windows\System32\GDI32.dll
0x00007ff981a90000 - 0x00007ff981b2e000 	C:\windows\System32\msvcrt.dll
0x00007ff981980000 - 0x00007ff981a8b000 	C:\windows\System32\gdi32full.dll
0x00007ff981670000 - 0x00007ff98170d000 	C:\windows\System32\msvcp_win.dll
0x00007ff9839c0000 - 0x00007ff9839f0000 	C:\windows\System32\IMM32.DLL
0x00007ff91cd30000 - 0x00007ff91cdcd000 	C:\Program Files\Android\Android Studio\jre\bin\msvcp140.dll
0x00007ff9038c0000 - 0x00007ff90438f000 	C:\Program Files\Android\Android Studio\jre\bin\server\jvm.dll
0x00007ff982b70000 - 0x00007ff982c1e000 	C:\windows\System32\ADVAPI32.dll
0x00007ff982ca0000 - 0x00007ff982d3c000 	C:\windows\System32\sechost.dll
0x00007ff982480000 - 0x00007ff9825a5000 	C:\windows\System32\RPCRT4.dll
0x00007ff981b30000 - 0x00007ff981b38000 	C:\windows\System32\PSAPI.DLL
0x00007ff97bf50000 - 0x00007ff97bf59000 	C:\windows\SYSTEM32\WSOCK32.dll
0x00007ff982990000 - 0x00007ff9829fb000 	C:\windows\System32\WS2_32.dll
0x00007ff9632a0000 - 0x00007ff9632c7000 	C:\windows\SYSTEM32\WINMM.dll
0x00007ff9782d0000 - 0x00007ff9782da000 	C:\windows\SYSTEM32\VERSION.dll
0x00007ff97fa30000 - 0x00007ff97fa42000 	C:\windows\SYSTEM32\kernel.appcore.dll
0x00007ff961db0000 - 0x00007ff961dc1000 	C:\Program Files\Android\Android Studio\jre\bin\verify.dll
0x00007ff97f700000 - 0x00007ff97f8e4000 	C:\windows\SYSTEM32\DBGHELP.DLL
0x00007ff968110000 - 0x00007ff96813c000 	C:\windows\SYSTEM32\dbgcore.DLL
0x00007ff981710000 - 0x00007ff981792000 	C:\windows\System32\bcryptPrimitives.dll
0x00007ff961d80000 - 0x00007ff961da9000 	C:\Program Files\Android\Android Studio\jre\bin\java.dll
0x00007ff961d70000 - 0x00007ff961d7b000 	C:\Program Files\Android\Android Studio\jre\bin\jimage.dll
0x00007ff95f1a0000 - 0x00007ff95f1b8000 	C:\Program Files\Android\Android Studio\jre\bin\zip.dll
0x00007ff983270000 - 0x00007ff9839b4000 	C:\windows\System32\SHELL32.dll
0x00007ff97ee90000 - 0x00007ff97f624000 	C:\windows\SYSTEM32\windows.storage.dll
0x00007ff982df0000 - 0x00007ff983144000 	C:\windows\System32\combase.dll
0x00007ff980ae0000 - 0x00007ff980b10000 	C:\windows\SYSTEM32\Wldp.dll
0x00007ff981c20000 - 0x00007ff981ccd000 	C:\windows\System32\SHCORE.dll
0x00007ff982b10000 - 0x00007ff982b65000 	C:\windows\System32\shlwapi.dll
0x00007ff981090000 - 0x00007ff9810af000 	C:\windows\SYSTEM32\profapi.dll
0x00007ff95f180000 - 0x00007ff95f19a000 	C:\Program Files\Android\Android Studio\jre\bin\net.dll
0x00007ff966eb0000 - 0x00007ff966fba000 	C:\windows\SYSTEM32\WINHTTP.dll
0x00007ff980840000 - 0x00007ff9808aa000 	C:\windows\system32\mswsock.dll
0x00007ff95b0c0000 - 0x00007ff95b0d4000 	C:\Program Files\Android\Android Studio\jre\bin\nio.dll
0x00007ff949130000 - 0x00007ff949157000 	C:\Users\sander kerby\.gradle\native\8bec1ad78214c89d9ad589b4d07fe93259594b29d510b10fafb7a158f7737e5d\windows-amd64\native-platform.dll
0x00007ff91cdd0000 - 0x00007ff91cf0d000 	C:\Users\sander kerby\.gradle\native\53dbd7edfb1c66fb8903c78663c9afc45aea4f116125fa6feffd364cf09443e8\windows-amd64\native-platform-file-events.dll
0x00007ff95f380000 - 0x00007ff95f38a000 	C:\Program Files\Android\Android Studio\jre\bin\management.dll
0x00007ff95ece0000 - 0x00007ff95ecec000 	C:\Program Files\Android\Android Studio\jre\bin\management_ext.dll
0x00007ff980a40000 - 0x00007ff980a58000 	C:\windows\SYSTEM32\CRYPTSP.dll
0x00007ff9801c0000 - 0x00007ff9801f4000 	C:\windows\system32\rsaenh.dll
0x00007ff981850000 - 0x00007ff981877000 	C:\windows\System32\bcrypt.dll
0x00007ff981010000 - 0x00007ff98103e000 	C:\windows\SYSTEM32\USERENV.dll
0x00007ff980a30000 - 0x00007ff980a3c000 	C:\windows\SYSTEM32\CRYPTBASE.dll
0x00007ff980530000 - 0x00007ff98056b000 	C:\windows\SYSTEM32\IPHLPAPI.DLL
0x00007ff982de0000 - 0x00007ff982de8000 	C:\windows\System32\NSI.dll
0x00007ff972470000 - 0x00007ff972487000 	C:\windows\SYSTEM32\dhcpcsvc6.DLL
0x00007ff9726d0000 - 0x00007ff9726ed000 	C:\windows\SYSTEM32\dhcpcsvc.DLL
0x00007ff980570000 - 0x00007ff98063a000 	C:\windows\SYSTEM32\DNSAPI.dll

dbghelp: loaded successfully - version: 4.0.5 - missing functions: none
symbol engine: initialized successfully - sym options: 0x614 - pdb path: .;C:\Program Files\Android\Android Studio\jre\bin;C:\windows\SYSTEM32;C:\windows\WinSxS\amd64_microsoft.windows.common-controls_6595b64144ccf1df_6.0.19041.1110_none_60b5254171f9507e;C:\Program Files\Android\Android Studio\jre\bin\server;C:\Users\sander kerby\.gradle\native\8bec1ad78214c89d9ad589b4d07fe93259594b29d510b10fafb7a158f7737e5d\windows-amd64;C:\Users\sander kerby\.gradle\native\53dbd7edfb1c66fb8903c78663c9afc45aea4f116125fa6feffd364cf09443e8\windows-amd64

VM Arguments:
jvm_args: --add-opens=java.base/java.util=ALL-UNNAMED --add-opens=java.base/java.lang=ALL-UNNAMED --add-opens=java.base/java.lang.invoke=ALL-UNNAMED --add-opens=java.base/java.util=ALL-UNNAMED --add-opens=java.prefs/java.util.prefs=ALL-UNNAMED --add-opens=java.prefs/java.util.prefs=ALL-UNNAMED --add-opens=java.base/java.nio.charset=ALL-UNNAMED --add-opens=java.base/java.net=ALL-UNNAMED --add-opens=java.base/java.util.concurrent.atomic=ALL-UNNAMED -Xmx2048m -Dfile.encoding=UTF-8 -Duser.country=US -Duser.language=en -Duser.variant 
java_command: org.gradle.launcher.daemon.bootstrap.GradleDaemon 7.0.2
java_class_path (initial): C:\Users\sander kerby\.gradle\wrapper\dists\gradle-7.0.2-bin\857tjihv64xamwrf0h14cai3r\gradle-7.0.2\lib\gradle-launcher-7.0.2.jar
Launcher Type: SUN_STANDARD

[Global flags]
     intx CICompilerCount                          = 2                                         {product} {ergonomic}
     uint ConcGCThreads                            = 1                                         {product} {ergonomic}
     uint G1ConcRefinementThreads                  = 2                                         {product} {ergonomic}
   size_t G1HeapRegionSize                         = 1048576                                   {product} {ergonomic}
    uintx GCDrainStackTargetSize                   = 64                                        {product} {ergonomic}
   size_t InitialHeapSize                          = 65011712                                  {product} {ergonomic}
   size_t MarkStackSize                            = 4194304                                   {product} {ergonomic}
   size_t MaxHeapSize                              = 2147483648                                {product} {command line}
   size_t MaxNewSize                               = 1287651328                                {product} {ergonomic}
   size_t MinHeapDeltaBytes                        = 1048576                                   {product} {ergonomic}
    uintx NonNMethodCodeHeapSize                   = 5825164                                {pd product} {ergonomic}
    uintx NonProfiledCodeHeapSize                  = 122916538                              {pd product} {ergonomic}
    uintx ProfiledCodeHeapSize                     = 122916538                              {pd product} {ergonomic}
    uintx ReservedCodeCacheSize                    = 251658240                              {pd product} {ergonomic}
     bool SegmentedCodeCache                       = true                                      {product} {ergonomic}
     bool UseCompressedClassPointers               = true                                 {lp64_product} {ergonomic}
     bool UseCompressedOops                        = true                                 {lp64_product} {ergonomic}
     bool UseG1GC                                  = true                                      {product} {ergonomic}
     bool UseLargePagesIndividualAllocation        = false                                  {pd product} {ergonomic}

Logging:
Log output configuration:
 #0: stdout all=warning uptime,level,tags
 #1: stderr all=off uptime,level,tags

Environment Variables:
JAVA_HOME=C:\Program Files\Java\jdk-16.0.2
PATH=C:\Program Files\Common Files\Oracle\Java\javapath;C:\app\sanderkerby\product\11.2.0\dbhome_1\bin;C:\windows\system32;C:\windows;C:\windows\System32\Wbem;C:\windows\System32\WindowsPowerShell\v1.0\;C:\windows\System32\OpenSSH\;C:\Windows\System32;C:\Program Files\Java\jdk-16.0.2\bin;C:\Program Files\Git\cmd;E:\vitualBox\;C:\Users\sander kerby\AppData\Local\Programs\Python\Python38;C:\Users\sander kerby\AppData\Local\Programs\Python\Python38\Scripts;C:\Users\sander kerby\AppData\Roaming\npm\yarn.ps1;C:\Users\sander kerby\AppData\Local\Microsoft\WindowsApps;C:\Program Files\JetBrains\PyCharm Community Edition 2021.1.3\bin;;C:\Windows\System32;D:\tout\cours pour 2022\php-8.1.2-nts-Win32-vs16-x64;C:\Users\sander kerby\AppData\Roaming\npm;C:\Users\sander kerby\AppData\Local\Programs\Python\Python38;C:\Users\sander kerby\AppData\Local\Programs\Python\Python38\Scripts;E:\tout\VS CODE\Microsoft VS Code\bin;C:\Users\sander kerby\AppData\Roaming\npm\node_modules\yarn;C:\Users\sander kerby\AppData\Roaming\npm\yarn.ps1;
USERNAME=sander kerby
OS=Windows_NT
PROCESSOR_IDENTIFIER=Intel64 Family 6 Model 122 Stepping 8, GenuineIntel



---------------  S Y S T E M  ---------------

OS: Windows 10 , 64 bit Build 19041 (10.0.19041.1889)
OS uptime: 0 days 3:38 hours

CPU:total 2 (initial active 2) (2 cores per cpu, 1 threads per core) family 6 model 122 stepping 8 microcode 0x1c, cmov, cx8, fxsr, mmx, sse, sse2, sse3, ssse3, sse4.1, sse4.2, popcnt, aes, clmul, erms, 3dnowpref, tsc, tscinvbit, sha

Memory: 4k page, system-wide physical 3912M (312M free)
TotalPageFile size 7236M (AvailPageFile size 12M)
current process WorkingSet (physical memory assigned to process): 231M, peak: 234M
current process commit charge ("private bytes"): 256M, peak: 271M

vm_info: OpenJDK 64-Bit Server VM (11.0.10+0-b96-7249189) for windows-amd64 JRE (11.0.10+0-b96-7249189), built on Mar 31 2021 21:44:00 by "builder" with MS VC++ 14.0 (VS2015)

END.
